<?xml version="1.0" encoding="UTF-8"?>
<!-- Generated by org.testng.reporters.JUnitXMLReporter -->
<testsuite hostname="DESKTOP-N4PSSFG" ignored="0" name="Test" tests="3" failures="0" timestamp="21 Sep 2022 09:13:27 GMT" time="22.164" errors="0">
  <testcase name="login" time="0.42" classname="com.parallelexecution.Methods"/>
  <testcase name="password" time="0.661" classname="com.parallelexecution.Methods"/>
  <testcase name="userName" time="0.952" classname="com.parallelexecution.Methods"/>
</testsuite> <!-- Test -->
